2020-09-09 11:02:36,483:INFO:PyCaret Regression Module
2020-09-09 11:02:36,483:INFO:version 2.1.2
2020-09-09 11:02:36,483:INFO:Initializing setup()
2020-09-09 11:02:36,483:INFO:USI: 5f1e
2020-09-09 11:02:36,483:INFO:setup(data=(1338, 6), target=charges, train_size=0.7, sampling=True, sample_estimator=None, categorical_features=None, categorical_imputation=constant, ordinal_features=None,
                    high_cardinality_features=None, high_cardinality_method=frequency, numeric_features=None, numeric_imputation=mean, date_features=None, ignore_features=None, normalize=False,
                    normalize_method=zscore, transformation=False, transformation_method=yeo-johnson, handle_unknown_categorical=True, unknown_categorical_method=least_frequent, pca=False, pca_method=linear,
                    pca_components=None, ignore_low_variance=False, combine_rare_levels=False, rare_level_threshold=0.1, bin_numeric_features=None, remove_outliers=False, outliers_threshold=0.05,
                    remove_multicollinearity=False, multicollinearity_threshold=0.9, remove_perfect_collinearity=False, create_clusters=False, cluster_iter=20,
                    polynomial_features=False, polynomial_degree=2, trigonometry_features=False, polynomial_threshold=0.1, group_features=None,
                    group_names=None, feature_selection=False, feature_selection_threshold=0.8, feature_interaction=False, feature_ratio=False, interaction_threshold=0.01, transform_target=False,
                    transform_target_method=box-cox, data_split_shuffle=True, folds_shuffle=False, n_jobs=-1, html=True, session_id=123, log_experiment=False,
                    experiment_name=None, log_plots=False, log_profile=False, log_data=False, silent=False, verbose=True, profile=False)
2020-09-09 11:02:36,491:INFO:Checking environment
2020-09-09 11:02:36,491:INFO:python_version: 3.7.6
2020-09-09 11:02:36,491:INFO:python_build: ('default', 'Jan  8 2020 20:23:39')
2020-09-09 11:02:36,491:INFO:machine: AMD64
2020-09-09 11:02:36,491:INFO:platform: Windows-10-10.0.18362-SP0
2020-09-09 11:02:36,507:INFO:Memory: svmem(total=8462290944, available=3014983680, percent=64.4, used=5447307264, free=3014983680)
2020-09-09 11:02:36,531:INFO:Physical Core: 4
2020-09-09 11:02:36,531:INFO:Logical Core: 8
2020-09-09 11:02:36,531:INFO:Checking libraries
2020-09-09 11:02:36,531:INFO:pd==1.0.1
2020-09-09 11:02:36,531:INFO:numpy==1.18.1
2020-09-09 11:02:37,345:INFO:sklearn==0.23.2
2020-09-09 11:02:38,657:INFO:xgboost==0.90
2020-09-09 11:02:38,729:INFO:lightgbm==2.3.1
2020-09-09 11:02:39,701:INFO:catboost==0.23.2
2020-09-09 11:02:42,700:INFO:mlflow==1.11.0
2020-09-09 11:02:42,708:INFO:Checking Exceptions
2020-09-09 11:04:14,821:INFO:PyCaret Regression Module
2020-09-09 11:04:14,821:INFO:version 2.1.2
2020-09-09 11:04:14,821:INFO:Initializing setup()
2020-09-09 11:04:14,821:INFO:USI: 30d6
2020-09-09 11:04:14,821:INFO:setup(data=(1338, 7), target=charges, train_size=0.7, sampling=True, sample_estimator=None, categorical_features=None, categorical_imputation=constant, ordinal_features=None,
                    high_cardinality_features=None, high_cardinality_method=frequency, numeric_features=None, numeric_imputation=mean, date_features=None, ignore_features=None, normalize=False,
                    normalize_method=zscore, transformation=False, transformation_method=yeo-johnson, handle_unknown_categorical=True, unknown_categorical_method=least_frequent, pca=False, pca_method=linear,
                    pca_components=None, ignore_low_variance=False, combine_rare_levels=False, rare_level_threshold=0.1, bin_numeric_features=None, remove_outliers=False, outliers_threshold=0.05,
                    remove_multicollinearity=False, multicollinearity_threshold=0.9, remove_perfect_collinearity=False, create_clusters=False, cluster_iter=20,
                    polynomial_features=False, polynomial_degree=2, trigonometry_features=False, polynomial_threshold=0.1, group_features=None,
                    group_names=None, feature_selection=False, feature_selection_threshold=0.8, feature_interaction=False, feature_ratio=False, interaction_threshold=0.01, transform_target=False,
                    transform_target_method=box-cox, data_split_shuffle=True, folds_shuffle=False, n_jobs=-1, html=True, session_id=123, log_experiment=False,
                    experiment_name=None, log_plots=False, log_profile=False, log_data=False, silent=False, verbose=True, profile=False)
2020-09-09 11:04:14,821:INFO:Checking environment
2020-09-09 11:04:14,821:INFO:python_version: 3.7.6
2020-09-09 11:04:14,821:INFO:python_build: ('default', 'Jan  8 2020 20:23:39')
2020-09-09 11:04:14,821:INFO:machine: AMD64
2020-09-09 11:04:14,821:INFO:platform: Windows-10-10.0.18362-SP0
2020-09-09 11:04:14,821:INFO:Memory: svmem(total=8462290944, available=3094102016, percent=63.4, used=5368188928, free=3094102016)
2020-09-09 11:04:14,821:INFO:Physical Core: 4
2020-09-09 11:04:14,821:INFO:Logical Core: 8
2020-09-09 11:04:14,821:INFO:Checking libraries
2020-09-09 11:04:14,829:INFO:pd==1.0.1
2020-09-09 11:04:14,829:INFO:numpy==1.18.1
2020-09-09 11:04:14,829:INFO:sklearn==0.23.2
2020-09-09 11:04:14,829:INFO:xgboost==0.90
2020-09-09 11:04:14,829:INFO:lightgbm==2.3.1
2020-09-09 11:04:14,829:INFO:catboost==0.23.2
2020-09-09 11:04:14,829:INFO:mlflow==1.11.0
2020-09-09 11:04:14,829:INFO:Checking Exceptions
2020-09-09 11:04:14,829:INFO:Preloading libraries
2020-09-09 11:04:14,829:INFO:Preparing display monitor
2020-09-09 11:04:14,837:INFO:Importing libraries
2020-09-09 11:04:19,528:INFO:Declaring global variables
2020-09-09 11:04:19,528:INFO:Copying data for preprocessing
2020-09-09 11:04:19,544:INFO:Declaring preprocessing parameters
2020-09-09 11:04:19,544:INFO:Importing preprocessing module
2020-09-09 11:04:20,243:INFO:Creating preprocessing pipeline
2020-09-09 11:04:27,807:INFO:Preprocessing pipeline created successfully
2020-09-09 11:04:27,807:INFO:No inverse transformer found
2020-09-09 11:04:27,807:INFO:Creating grid variables
2020-09-09 11:04:27,815:INFO:Creating global containers
2020-09-09 11:04:27,959:INFO:create_model_container: 0
2020-09-09 11:04:27,959:INFO:master_model_container: 0
2020-09-09 11:04:27,959:INFO:display_container: 0
2020-09-09 11:04:27,959:INFO:setup() succesfully completed......................................
2020-09-09 11:04:27,967:INFO:Initializing create_model()
2020-09-09 11:04:27,967:INFO:create_model(estimator=lr, ensemble=False, method=None, fold=10, round=4, cross_validation=True, verbose=True, system=True)
2020-09-09 11:04:27,967:INFO:Checking exceptions
2020-09-09 11:04:27,967:INFO:Preloading libraries
2020-09-09 11:04:27,967:INFO:Preparing display monitor
2020-09-09 11:04:27,999:INFO:Copying training dataset
2020-09-09 11:04:27,999:INFO:Importing libraries
2020-09-09 11:04:27,999:INFO:Defining folds
2020-09-09 11:04:27,999:INFO:Declaring metric variables
2020-09-09 11:04:27,999:INFO:Linear Regression Imported succesfully
2020-09-09 11:04:27,999:INFO:Checking ensemble method
2020-09-09 11:04:28,007:INFO:Initializing Fold 1
2020-09-09 11:04:28,015:INFO:Fitting Model
2020-09-09 11:04:29,620:INFO:Evaluating Metrics
2020-09-09 11:04:29,636:INFO:No inverse transformation
2020-09-09 11:04:29,636:INFO:Compiling Metrics
2020-09-09 11:04:29,847:INFO:Initializing Fold 2
2020-09-09 11:04:29,855:INFO:Fitting Model
2020-09-09 11:04:29,855:INFO:Evaluating Metrics
2020-09-09 11:04:29,855:INFO:No inverse transformation
2020-09-09 11:04:29,863:INFO:Compiling Metrics
2020-09-09 11:04:29,879:INFO:Initializing Fold 3
2020-09-09 11:04:29,887:INFO:Fitting Model
2020-09-09 11:04:29,887:INFO:Evaluating Metrics
2020-09-09 11:04:29,895:INFO:No inverse transformation
2020-09-09 11:04:29,895:INFO:Compiling Metrics
2020-09-09 11:04:29,919:INFO:Initializing Fold 4
2020-09-09 11:04:29,927:INFO:Fitting Model
2020-09-09 11:04:29,927:INFO:Evaluating Metrics
2020-09-09 11:04:29,927:INFO:No inverse transformation
2020-09-09 11:04:29,927:INFO:Compiling Metrics
2020-09-09 11:04:29,951:INFO:Initializing Fold 5
2020-09-09 11:04:29,959:INFO:Fitting Model
2020-09-09 11:04:29,967:INFO:Evaluating Metrics
2020-09-09 11:04:29,967:INFO:No inverse transformation
2020-09-09 11:04:29,967:INFO:Compiling Metrics
2020-09-09 11:04:29,991:INFO:Initializing Fold 6
2020-09-09 11:04:30,007:INFO:Fitting Model
2020-09-09 11:04:30,007:INFO:Evaluating Metrics
2020-09-09 11:04:30,007:INFO:No inverse transformation
2020-09-09 11:04:30,007:INFO:Compiling Metrics
2020-09-09 11:04:30,039:INFO:Initializing Fold 7
2020-09-09 11:04:30,039:INFO:Fitting Model
2020-09-09 11:04:30,047:INFO:Evaluating Metrics
2020-09-09 11:04:30,047:INFO:No inverse transformation
2020-09-09 11:04:30,047:INFO:Compiling Metrics
2020-09-09 11:04:30,071:INFO:Initializing Fold 8
2020-09-09 11:04:30,079:INFO:Fitting Model
2020-09-09 11:04:30,079:INFO:Evaluating Metrics
2020-09-09 11:04:30,087:INFO:No inverse transformation
2020-09-09 11:04:30,087:INFO:Compiling Metrics
2020-09-09 11:04:30,111:INFO:Initializing Fold 9
2020-09-09 11:04:30,119:INFO:Fitting Model
2020-09-09 11:04:30,119:INFO:Evaluating Metrics
2020-09-09 11:04:30,127:INFO:No inverse transformation
2020-09-09 11:04:30,127:INFO:Compiling Metrics
2020-09-09 11:04:30,151:INFO:Initializing Fold 10
2020-09-09 11:04:30,159:INFO:Fitting Model
2020-09-09 11:04:30,167:INFO:Evaluating Metrics
2020-09-09 11:04:30,167:INFO:No inverse transformation
2020-09-09 11:04:30,167:INFO:Compiling Metrics
2020-09-09 11:04:30,191:INFO:Calculating mean and std
2020-09-09 11:04:30,199:INFO:Creating metrics dataframe
2020-09-09 11:04:30,207:INFO:Finalizing model
2020-09-09 11:04:30,215:INFO:Uploading results into container
2020-09-09 11:04:30,215:INFO:Uploading model into container
2020-09-09 11:04:30,255:INFO:create_model_container: 1
2020-09-09 11:04:30,255:INFO:master_model_container: 1
2020-09-09 11:04:30,255:INFO:display_container: 1
2020-09-09 11:04:30,255:INFO:LinearRegression(copy_X=True, fit_intercept=True, n_jobs=-1, normalize=False)
2020-09-09 11:04:30,255:INFO:create_model() succesfully completed......................................
2020-09-09 11:04:30,263:INFO:Initializing plot_model()
2020-09-09 11:04:30,263:INFO:plot_model(estimator=LinearRegression(copy_X=True, fit_intercept=True, n_jobs=-1, normalize=False), plot=residuals, save=False, verbose=True, system=True)
2020-09-09 11:04:30,263:INFO:Checking exceptions
2020-09-09 11:04:30,263:INFO:Preloading libraries
2020-09-09 11:04:30,263:INFO:Preparing display monitor
2020-09-09 11:04:30,279:INFO:Importing libraries
2020-09-09 11:04:30,279:INFO:plot type: residuals
2020-09-09 11:04:30,567:INFO:Fitting Model
2020-09-09 11:04:30,641:INFO:Scoring test/hold-out set
2020-09-09 11:04:31,493:INFO:Visual Rendered Successfully
2020-09-09 11:04:31,493:INFO:plot_model() succesfully completed......................................
2020-09-09 11:04:31,606:INFO:PyCaret Regression Module
2020-09-09 11:04:31,606:INFO:version 2.1.2
2020-09-09 11:04:31,606:INFO:Initializing setup()
2020-09-09 11:04:31,606:INFO:USI: a5bd
2020-09-09 11:04:31,606:INFO:setup(data=(1338, 7), target=charges, train_size=0.7, sampling=True, sample_estimator=None, categorical_features=None, categorical_imputation=constant, ordinal_features=None,
                    high_cardinality_features=None, high_cardinality_method=frequency, numeric_features=None, numeric_imputation=mean, date_features=None, ignore_features=None, normalize=True,
                    normalize_method=zscore, transformation=False, transformation_method=yeo-johnson, handle_unknown_categorical=True, unknown_categorical_method=least_frequent, pca=False, pca_method=linear,
                    pca_components=None, ignore_low_variance=False, combine_rare_levels=False, rare_level_threshold=0.1, bin_numeric_features=['age', 'bmi'], remove_outliers=False, outliers_threshold=0.05,
                    remove_multicollinearity=False, multicollinearity_threshold=0.9, remove_perfect_collinearity=False, create_clusters=False, cluster_iter=20,
                    polynomial_features=True, polynomial_degree=2, trigonometry_features=True, polynomial_threshold=0.1, group_features=None,
                    group_names=None, feature_selection=False, feature_selection_threshold=0.8, feature_interaction=True, feature_ratio=False, interaction_threshold=0.01, transform_target=False,
                    transform_target_method=box-cox, data_split_shuffle=True, folds_shuffle=False, n_jobs=-1, html=True, session_id=123, log_experiment=False,
                    experiment_name=None, log_plots=False, log_profile=False, log_data=False, silent=False, verbose=True, profile=False)
2020-09-09 11:04:31,606:INFO:Checking environment
2020-09-09 11:04:31,606:INFO:python_version: 3.7.6
2020-09-09 11:04:31,606:INFO:python_build: ('default', 'Jan  8 2020 20:23:39')
2020-09-09 11:04:31,606:INFO:machine: AMD64
2020-09-09 11:04:31,606:INFO:platform: Windows-10-10.0.18362-SP0
2020-09-09 11:04:31,606:INFO:Memory: svmem(total=8462290944, available=3025526784, percent=64.2, used=5436764160, free=3025526784)
2020-09-09 11:04:31,606:INFO:Physical Core: 4
2020-09-09 11:04:31,606:INFO:Logical Core: 8
2020-09-09 11:04:31,606:INFO:Checking libraries
2020-09-09 11:04:31,613:INFO:pd==1.0.1
2020-09-09 11:04:31,613:INFO:numpy==1.18.1
2020-09-09 11:04:31,613:INFO:sklearn==0.23.2
2020-09-09 11:04:31,613:INFO:xgboost==0.90
2020-09-09 11:04:31,613:INFO:lightgbm==2.3.1
2020-09-09 11:04:31,613:INFO:catboost==0.23.2
2020-09-09 11:04:31,613:INFO:mlflow==1.11.0
2020-09-09 11:04:31,613:INFO:Checking Exceptions
2020-09-09 11:04:31,613:INFO:Preloading libraries
2020-09-09 11:04:31,613:INFO:Preparing display monitor
2020-09-09 11:04:31,629:INFO:Importing libraries
2020-09-09 11:04:31,637:INFO:Declaring global variables
2020-09-09 11:04:31,637:INFO:Copying data for preprocessing
2020-09-09 11:04:31,645:INFO:Declaring preprocessing parameters
2020-09-09 11:04:31,645:INFO:Importing preprocessing module
2020-09-09 11:04:31,645:INFO:Creating preprocessing pipeline
2020-09-09 11:04:40,351:INFO:Preprocessing pipeline created successfully
2020-09-09 11:04:40,351:INFO:No inverse transformer found
2020-09-09 11:04:40,351:INFO:Creating grid variables
2020-09-09 11:04:40,359:INFO:Creating global containers
2020-09-09 11:04:40,407:INFO:create_model_container: 0
2020-09-09 11:04:40,407:INFO:master_model_container: 0
2020-09-09 11:04:40,407:INFO:display_container: 0
2020-09-09 11:04:40,407:INFO:setup() succesfully completed......................................
2020-09-09 11:04:41,508:INFO:Initializing create_model()
2020-09-09 11:04:41,508:INFO:create_model(estimator=lr, ensemble=False, method=None, fold=10, round=4, cross_validation=True, verbose=True, system=True)
2020-09-09 11:04:41,508:INFO:Checking exceptions
2020-09-09 11:04:41,508:INFO:Preloading libraries
2020-09-09 11:04:41,508:INFO:Preparing display monitor
2020-09-09 11:04:41,524:INFO:Copying training dataset
2020-09-09 11:04:41,524:INFO:Importing libraries
2020-09-09 11:04:41,524:INFO:Defining folds
2020-09-09 11:04:41,524:INFO:Declaring metric variables
2020-09-09 11:04:41,532:INFO:Linear Regression Imported succesfully
2020-09-09 11:04:41,532:INFO:Checking ensemble method
2020-09-09 11:04:41,532:INFO:Initializing Fold 1
2020-09-09 11:04:41,540:INFO:Fitting Model
2020-09-09 11:04:41,764:INFO:Evaluating Metrics
2020-09-09 11:04:41,764:INFO:No inverse transformation
2020-09-09 11:04:41,764:INFO:Compiling Metrics
2020-09-09 11:04:41,780:INFO:Initializing Fold 2
2020-09-09 11:04:41,788:INFO:Fitting Model
2020-09-09 11:04:41,796:INFO:Evaluating Metrics
2020-09-09 11:04:41,804:INFO:No inverse transformation
2020-09-09 11:04:41,804:INFO:Compiling Metrics
2020-09-09 11:04:41,828:INFO:Initializing Fold 3
2020-09-09 11:04:41,836:INFO:Fitting Model
2020-09-09 11:04:41,836:INFO:Evaluating Metrics
2020-09-09 11:04:41,844:INFO:No inverse transformation
2020-09-09 11:04:41,844:INFO:Compiling Metrics
2020-09-09 11:04:41,868:INFO:Initializing Fold 4
2020-09-09 11:04:41,876:INFO:Fitting Model
2020-09-09 11:04:41,876:INFO:Evaluating Metrics
2020-09-09 11:04:41,876:INFO:No inverse transformation
2020-09-09 11:04:41,876:INFO:Compiling Metrics
2020-09-09 11:04:41,900:INFO:Initializing Fold 5
2020-09-09 11:04:41,916:INFO:Fitting Model
2020-09-09 11:04:41,916:INFO:Evaluating Metrics
2020-09-09 11:04:41,924:INFO:No inverse transformation
2020-09-09 11:04:41,924:INFO:Compiling Metrics
2020-09-09 11:04:41,948:INFO:Initializing Fold 6
2020-09-09 11:04:41,956:INFO:Fitting Model
2020-09-09 11:04:41,964:INFO:Evaluating Metrics
2020-09-09 11:04:41,964:INFO:No inverse transformation
2020-09-09 11:04:41,964:INFO:Compiling Metrics
2020-09-09 11:04:41,996:INFO:Initializing Fold 7
2020-09-09 11:04:42,004:INFO:Fitting Model
2020-09-09 11:04:42,012:INFO:Evaluating Metrics
2020-09-09 11:04:42,012:INFO:No inverse transformation
2020-09-09 11:04:42,012:INFO:Compiling Metrics
2020-09-09 11:04:42,044:INFO:Initializing Fold 8
2020-09-09 11:04:42,052:INFO:Fitting Model
2020-09-09 11:04:42,060:INFO:Evaluating Metrics
2020-09-09 11:04:42,060:INFO:No inverse transformation
2020-09-09 11:04:42,060:INFO:Compiling Metrics
2020-09-09 11:04:42,092:INFO:Initializing Fold 9
2020-09-09 11:04:42,100:INFO:Fitting Model
2020-09-09 11:04:42,108:INFO:Evaluating Metrics
2020-09-09 11:04:42,108:INFO:No inverse transformation
2020-09-09 11:04:42,108:INFO:Compiling Metrics
2020-09-09 11:04:42,132:INFO:Initializing Fold 10
2020-09-09 11:04:42,140:INFO:Fitting Model
2020-09-09 11:04:42,148:INFO:Evaluating Metrics
2020-09-09 11:04:42,148:INFO:No inverse transformation
2020-09-09 11:04:42,148:INFO:Compiling Metrics
2020-09-09 11:04:42,172:INFO:Calculating mean and std
2020-09-09 11:04:42,180:INFO:Creating metrics dataframe
2020-09-09 11:04:42,188:INFO:Finalizing model
2020-09-09 11:04:42,204:INFO:Uploading results into container
2020-09-09 11:04:42,204:INFO:Uploading model into container
2020-09-09 11:04:42,252:INFO:create_model_container: 1
2020-09-09 11:04:42,252:INFO:master_model_container: 1
2020-09-09 11:04:42,252:INFO:display_container: 1
2020-09-09 11:04:42,260:INFO:LinearRegression(copy_X=True, fit_intercept=True, n_jobs=-1, normalize=False)
2020-09-09 11:04:42,260:INFO:create_model() succesfully completed......................................
2020-09-09 11:04:42,268:INFO:Initializing plot_model()
2020-09-09 11:04:42,268:INFO:plot_model(estimator=LinearRegression(copy_X=True, fit_intercept=True, n_jobs=-1, normalize=False), plot=residuals, save=False, verbose=True, system=True)
2020-09-09 11:04:42,268:INFO:Checking exceptions
2020-09-09 11:04:42,268:INFO:Preloading libraries
2020-09-09 11:04:42,268:INFO:Preparing display monitor
2020-09-09 11:04:42,276:INFO:Importing libraries
2020-09-09 11:04:42,284:INFO:plot type: residuals
2020-09-09 11:04:42,316:INFO:Fitting Model
2020-09-09 11:04:43,332:INFO:Scoring test/hold-out set
2020-09-09 11:04:43,772:INFO:Visual Rendered Successfully
2020-09-09 11:04:43,772:INFO:plot_model() succesfully completed......................................
2020-09-09 11:04:43,780:INFO:Initializing save_model()
2020-09-09 11:04:43,780:INFO:save_model(model=LinearRegression(copy_X=True, fit_intercept=True, n_jobs=-1, normalize=False), model_name=deployment_28042020, model_only=False, verbose=True)
2020-09-09 11:04:43,828:INFO:deployment_28042020.pkl saved in current working directory
2020-09-09 11:04:43,836:INFO:Pipeline(memory=None,
         steps=[('dtypes',
                 DataTypes_Auto_infer(categorical_features=[],
                                      display_types=True, features_todrop=[],
                                      ml_usecase='regression',
                                      numerical_features=[], target='charges',
                                      time_features=[])),
                ('imputer',
                 Simple_Imputer(categorical_strategy='not_available',
                                numeric_strategy='mean',
                                target_variable=None)),
                ('new_levels1',
                 New_Catagorical_Levels...
                ('clean_names', Clean_Colum_Names()),
                ('feature_select', Empty()), ('fix_multi', Empty()),
                ('dfs',
                 DFS_Classic(interactions=['multiply'], ml_usecase='regression',
                             random_state=123, subclass='binary',
                             target='charges',
                             top_features_to_pick_percentage=None)),
                ('pca', Empty()),
                ['trained model',
                 LinearRegression(copy_X=True, fit_intercept=True, n_jobs=-1,
                                  normalize=False)]],
         verbose=False)
2020-09-09 11:04:43,836:INFO:save_model() succesfully completed......................................
